  application.cpp
C:\Users\Victor\Uni\acg\src\framework.h(26,66): warning C4244: 'return': conversion from 'double' to 'float', possible loss of data
C:\Users\Victor\Uni\acg\src\framework.h(64,82): warning C4244: 'argument': conversion from 'double' to 'float', possible loss of data
C:\Users\Victor\Uni\acg\src\framework.h(149,82): warning C4244: 'argument': conversion from 'double' to 'float', possible loss of data
C:\Users\Victor\Uni\acg\src\framework.h(179,109): warning C4244: 'argument': conversion from 'float' to 'unsigned char', possible loss of data
C:\Users\Victor\Uni\acg\src\framework.h(179,100): warning C4244: 'argument': conversion from 'float' to 'unsigned char', possible loss of data
C:\Users\Victor\Uni\acg\src\framework.h(179,91): warning C4244: 'argument': conversion from 'float' to 'unsigned char', possible loss of data
C:\Users\Victor\Uni\acg\src\framework.h(179,82): warning C4244: 'argument': conversion from 'float' to 'unsigned char', possible loss of data
C:\Users\Victor\Uni\acg\src\framework.h(181,88): warning C4244: 'argument': conversion from 'double' to 'float', possible loss of data
C:\Users\Victor\Uni\acg\src\application.cpp(38,13): warning C4305: '=': truncation from 'double' to 'float'
C:\Users\Victor\Uni\acg\src\application.cpp(96,20): warning C4018: '<': signed/unsigned mismatch
C:\Users\Victor\Uni\acg\src\application.cpp(111,14): warning C4244: 'initializing': conversion from 'double' to 'float', possible loss of data
C:\Users\Victor\Uni\acg\src\application.cpp(112,20): warning C4244: 'initializing': conversion from 'double' to 'float', possible loss of data
C:\Users\Victor\Uni\acg\src\application.cpp(131,55): warning C4244: 'argument': conversion from 'double' to 'float', possible loss of data
C:\Users\Victor\Uni\acg\src\application.cpp(133,55): warning C4244: 'argument': conversion from 'double' to 'float', possible loss of data
C:\Users\Victor\Uni\acg\src\application.cpp(224,36): warning C4244: '*=': conversion from 'double' to 'float', possible loss of data
C:\Users\Victor\Uni\acg\src\application.cpp(226,35): warning C4244: 'argument': conversion from 'double' to 'float', possible loss of data
LINK : warning LNK4098: defaultlib 'LIBCMT' conflicts with use of other libs; use /NODEFAULTLIB:library
  Generating code
  2 of 2676 functions (<0.1%) were compiled, the rest were copied from previous compilation.
    0 functions were new in current compilation
    26 functions had inline decision re-evaluated but remain unchanged
  Finished generating code
LINK : warning LNK4286: symbol '___glewDeleteBuffers' defined in 'glew32s.lib(glew.obj)' is imported by 'imgui_impl_opengl3.obj'
LINK : warning LNK4286: symbol '___glewLinkProgram' defined in 'glew32s.lib(glew.obj)' is imported by 'imgui_impl_opengl3.obj'
LINK : warning LNK4286: symbol '___glewDeleteShader' defined in 'glew32s.lib(glew.obj)' is imported by 'imgui_impl_opengl3.obj'
LINK : warning LNK4286: symbol '___glewGenBuffers' defined in 'glew32s.lib(glew.obj)' is imported by 'imgui_impl_opengl3.obj'
LINK : warning LNK4286: symbol '___glewGetProgramInfoLog' defined in 'glew32s.lib(glew.obj)' is imported by 'imgui_impl_opengl3.obj'
LINK : warning LNK4286: symbol '___glewDetachShader' defined in 'glew32s.lib(glew.obj)' is imported by 'imgui_impl_opengl3.obj'
LINK : warning LNK4286: symbol '___glewUniformMatrix4fv' defined in 'glew32s.lib(glew.obj)' is imported by 'imgui_impl_opengl3.obj'
LINK : warning LNK4286: symbol '___glewBlendEquationSeparate' defined in 'glew32s.lib(glew.obj)' is imported by 'imgui_impl_opengl3.obj'
LINK : warning LNK4286: symbol '___glewGenVertexArrays' defined in 'glew32s.lib(glew.obj)' is imported by 'imgui_impl_opengl3.obj'
LINK : warning LNK4286: symbol '___glewBlendEquation' defined in 'glew32s.lib(glew.obj)' is imported by 'imgui_impl_opengl3.obj'
LINK : warning LNK4286: symbol '___glewShaderSource' defined in 'glew32s.lib(glew.obj)' is imported by 'imgui_impl_opengl3.obj'
LINK : warning LNK4286: symbol '___glewDeleteProgram' defined in 'glew32s.lib(glew.obj)' is imported by 'imgui_impl_opengl3.obj'
LINK : warning LNK4286: symbol '___glewActiveTexture' defined in 'glew32s.lib(glew.obj)' is imported by 'imgui_impl_opengl3.obj'
LINK : warning LNK4286: symbol '___glewAttachShader' defined in 'glew32s.lib(glew.obj)' is imported by 'imgui_impl_opengl3.obj'
LINK : warning LNK4286: symbol '___glewBufferData' defined in 'glew32s.lib(glew.obj)' is imported by 'imgui_impl_opengl3.obj'
LINK : warning LNK4286: symbol '___glewGetUniformLocation' defined in 'glew32s.lib(glew.obj)' is imported by 'imgui_impl_opengl3.obj'
LINK : warning LNK4286: symbol '___glewBlendFuncSeparate' defined in 'glew32s.lib(glew.obj)' is imported by 'imgui_impl_opengl3.obj'
LINK : warning LNK4286: symbol '___glewDeleteVertexArrays' defined in 'glew32s.lib(glew.obj)' is imported by 'imgui_impl_opengl3.obj'
LINK : warning LNK4286: symbol '___glewGetProgramiv' defined in 'glew32s.lib(glew.obj)' is imported by 'imgui_impl_opengl3.obj'
LINK : warning LNK4286: symbol '___glewGetShaderInfoLog' defined in 'glew32s.lib(glew.obj)' is imported by 'imgui_impl_opengl3.obj'
LINK : warning LNK4286: symbol '___glewUniform1i' defined in 'glew32s.lib(glew.obj)' is imported by 'imgui_impl_opengl3.obj'
LINK : warning LNK4286: symbol '___glewCreateProgram' defined in 'glew32s.lib(glew.obj)' is imported by 'imgui_impl_opengl3.obj'
LINK : warning LNK4286: symbol '___glewBindBuffer' defined in 'glew32s.lib(glew.obj)' is imported by 'imgui_impl_opengl3.obj'
LINK : warning LNK4286: symbol '___glewCreateShader' defined in 'glew32s.lib(glew.obj)' is imported by 'imgui_impl_opengl3.obj'
LINK : warning LNK4286: symbol '___glewGetAttribLocation' defined in 'glew32s.lib(glew.obj)' is imported by 'imgui_impl_opengl3.obj'
LINK : warning LNK4286: symbol '___glewCompileShader' defined in 'glew32s.lib(glew.obj)' is imported by 'imgui_impl_opengl3.obj'
LINK : warning LNK4286: symbol '___glewGetShaderiv' defined in 'glew32s.lib(glew.obj)' is imported by 'imgui_impl_opengl3.obj'
LINK : warning LNK4286: symbol '___glewDrawElementsBaseVertex' defined in 'glew32s.lib(glew.obj)' is imported by 'imgui_impl_opengl3.obj'
LINK : warning LNK4286: symbol '___glewVertexAttribPointer' defined in 'glew32s.lib(glew.obj)' is imported by 'imgui_impl_opengl3.obj'
LINK : warning LNK4286: symbol '___glewUseProgram' defined in 'glew32s.lib(glew.obj)' is imported by 'imgui_impl_opengl3.obj'
LINK : warning LNK4286: symbol '___glewBindSampler' defined in 'glew32s.lib(glew.obj)' is imported by 'imgui_impl_opengl3.obj'
LINK : warning LNK4286: symbol '___glewBindVertexArray' defined in 'glew32s.lib(glew.obj)' is imported by 'imgui_impl_opengl3.obj'
LINK : warning LNK4286: symbol '___glewEnableVertexAttribArray' defined in 'glew32s.lib(glew.obj)' is imported by 'imgui_impl_opengl3.obj'
glew32s.lib(glew.obj) : warning LNK4099: PDB 'vc120.pdb' was not found with 'glew32s.lib(glew.obj)' or at 'C:\Users\Victor\Uni\acg\vc120.pdb'; linking object as if no debug info
  visualstudio.vcxproj -> C:\Users\Victor\Uni\acg\visualstudio15\VS2015\..\..\framework.exe
